<?xml version="1.0" encoding="UTF-8"?>
<!-- Generated by org.testng.reporters.JUnitReportReporter -->
<testsuite hostname="Pavilion" failures="0" tests="2" name="test.OrangeLogIn" time="74.086" errors="0" timestamp="2024-05-10T17:10:22 IST" skipped="0">
  <testcase classname="test.OrangeLogIn" name="verifyHomePageisVisible" time="40.026"/>
  <testcase classname="test.OrangeLogIn" name="verifyLoginPageisVisible" time="34.060"/>
</testsuite> <!-- test.OrangeLogIn -->
